{"/Users/bearyg/Documents/GitHub/kintsu/kintsu-app/src/DriveService.ts": {"path":"/Users/bearyg/Documents/GitHub/kintsu/kintsu-app/src/DriveService.ts","statementMap":{"0":{"start":{"line":9,"column":22},"end":{"line":9,"column":null}},"1":{"start":{"line":10,"column":15},"end":{"line":10,"column":null}},"2":{"start":{"line":14,"column":38},"end":{"line":14,"column":null}},"3":{"start":{"line":18,"column":4},"end":{"line":49,"column":null}},"4":{"start":{"line":20,"column":6},"end":{"line":48,"column":null}},"5":{"start":{"line":21,"column":8},"end":{"line":47,"column":null}},"6":{"start":{"line":22,"column":10},"end":{"line":25,"column":null}},"7":{"start":{"line":29,"column":10},"end":{"line":44,"column":null}},"8":{"start":{"line":30,"column":12},"end":{"line":40,"column":null}},"9":{"start":{"line":34,"column":16},"end":{"line":38,"column":null}},"10":{"start":{"line":35,"column":18},"end":{"line":35,"column":null}},"11":{"start":{"line":37,"column":18},"end":{"line":37,"column":null}},"12":{"start":{"line":41,"column":12},"end":{"line":41,"column":null}},"13":{"start":{"line":43,"column":12},"end":{"line":43,"column":null}},"14":{"start":{"line":46,"column":10},"end":{"line":46,"column":null}},"15":{"start":{"line":53,"column":4},"end":{"line":70,"column":null}},"16":{"start":{"line":54,"column":6},"end":{"line":54,"column":null}},"17":{"start":{"line":54,"column":29},"end":{"line":54,"column":null}},"18":{"start":{"line":57,"column":6},"end":{"line":66,"column":null}},"19":{"start":{"line":58,"column":8},"end":{"line":65,"column":null}},"20":{"start":{"line":59,"column":10},"end":{"line":59,"column":null}},"21":{"start":{"line":61,"column":10},"end":{"line":61,"column":null}},"22":{"start":{"line":63,"column":10},"end":{"line":63,"column":null}},"23":{"start":{"line":64,"column":10},"end":{"line":64,"column":null}},"24":{"start":{"line":69,"column":6},"end":{"line":69,"column":null}},"25":{"start":{"line":74,"column":18},"end":{"line":74,"column":null}},"26":{"start":{"line":75,"column":4},"end":{"line":80,"column":null}},"27":{"start":{"line":77,"column":6},"end":{"line":77,"column":null}},"28":{"start":{"line":78,"column":6},"end":{"line":78,"column":null}},"29":{"start":{"line":79,"column":6},"end":{"line":79,"column":null}},"30":{"start":{"line":84,"column":4},"end":{"line":84,"column":null}},"31":{"start":{"line":90,"column":4},"end":{"line":102,"column":null}},"32":{"start":{"line":91,"column":20},"end":{"line":91,"column":null}},"33":{"start":{"line":92,"column":23},"end":{"line":96,"column":null}},"34":{"start":{"line":97,"column":20},"end":{"line":97,"column":null}},"35":{"start":{"line":98,"column":6},"end":{"line":98,"column":null}},"36":{"start":{"line":100,"column":6},"end":{"line":100,"column":null}},"37":{"start":{"line":101,"column":6},"end":{"line":101,"column":null}},"38":{"start":{"line":106,"column":25},"end":{"line":110,"column":null}},"39":{"start":{"line":111,"column":21},"end":{"line":114,"column":null}},"40":{"start":{"line":115,"column":4},"end":{"line":115,"column":null}},"41":{"start":{"line":119,"column":4},"end":{"line":149,"column":null}},"42":{"start":{"line":121,"column":21},"end":{"line":121,"column":null}},"43":{"start":{"line":122,"column":6},"end":{"line":125,"column":null}},"44":{"start":{"line":123,"column":8},"end":{"line":123,"column":null}},"45":{"start":{"line":124,"column":8},"end":{"line":124,"column":null}},"46":{"start":{"line":128,"column":21},"end":{"line":128,"column":null}},"47":{"start":{"line":129,"column":6},"end":{"line":132,"column":null}},"48":{"start":{"line":130,"column":8},"end":{"line":130,"column":null}},"49":{"start":{"line":131,"column":8},"end":{"line":131,"column":null}},"50":{"start":{"line":135,"column":25},"end":{"line":135,"column":null}},"51":{"start":{"line":136,"column":6},"end":{"line":142,"column":null}},"52":{"start":{"line":137,"column":22},"end":{"line":137,"column":null}},"53":{"start":{"line":138,"column":8},"end":{"line":141,"column":null}},"54":{"start":{"line":139,"column":11},"end":{"line":139,"column":null}},"55":{"start":{"line":140,"column":11},"end":{"line":140,"column":null}},"56":{"start":{"line":144,"column":6},"end":{"line":144,"column":null}},"57":{"start":{"line":147,"column":6},"end":{"line":147,"column":null}},"58":{"start":{"line":148,"column":6},"end":{"line":148,"column":null}},"59":{"start":{"line":153,"column":21},"end":{"line":157,"column":null}},"60":{"start":{"line":159,"column":17},"end":{"line":159,"column":null}},"61":{"start":{"line":160,"column":4},"end":{"line":160,"column":null}},"62":{"start":{"line":161,"column":4},"end":{"line":161,"column":null}},"63":{"start":{"line":163,"column":21},"end":{"line":167,"column":null}},"64":{"start":{"line":169,"column":4},"end":{"line":171,"column":null}},"65":{"start":{"line":170,"column":8},"end":{"line":170,"column":null}},"66":{"start":{"line":173,"column":4},"end":{"line":173,"column":null}},"67":{"start":{"line":177,"column":4},"end":{"line":188,"column":null}},"68":{"start":{"line":178,"column":19},"end":{"line":183,"column":null}},"69":{"start":{"line":184,"column":6},"end":{"line":184,"column":null}},"70":{"start":{"line":186,"column":6},"end":{"line":186,"column":null}},"71":{"start":{"line":187,"column":6},"end":{"line":187,"column":null}},"72":{"start":{"line":192,"column":4},"end":{"line":250,"column":null}},"73":{"start":{"line":193,"column":6},"end":{"line":193,"column":null}},"74":{"start":{"line":194,"column":23},"end":{"line":194,"column":null}},"75":{"start":{"line":195,"column":6},"end":{"line":198,"column":null}},"76":{"start":{"line":196,"column":10},"end":{"line":196,"column":null}},"77":{"start":{"line":197,"column":10},"end":{"line":197,"column":null}},"78":{"start":{"line":200,"column":23},"end":{"line":200,"column":null}},"79":{"start":{"line":201,"column":6},"end":{"line":204,"column":null}},"80":{"start":{"line":202,"column":10},"end":{"line":202,"column":null}},"81":{"start":{"line":203,"column":10},"end":{"line":203,"column":null}},"82":{"start":{"line":206,"column":6},"end":{"line":206,"column":null}},"83":{"start":{"line":209,"column":30},"end":{"line":209,"column":null}},"84":{"start":{"line":212,"column":8},"end":{"line":212,"column":null}},"85":{"start":{"line":213,"column":8},"end":{"line":213,"column":null}},"86":{"start":{"line":213,"column":23},"end":{"line":213,"column":null}},"87":{"start":{"line":215,"column":8},"end":{"line":239,"column":null}},"88":{"start":{"line":216,"column":25},"end":{"line":220,"column":null}},"89":{"start":{"line":222,"column":26},"end":{"line":222,"column":null}},"90":{"start":{"line":223,"column":12},"end":{"line":223,"column":null}},"91":{"start":{"line":225,"column":12},"end":{"line":236,"column":null}},"92":{"start":{"line":227,"column":14},"end":{"line":227,"column":null}},"93":{"start":{"line":229,"column":14},"end":{"line":235,"column":null}},"94":{"start":{"line":230,"column":16},"end":{"line":230,"column":null}},"95":{"start":{"line":233,"column":16},"end":{"line":233,"column":null}},"96":{"start":{"line":234,"column":16},"end":{"line":234,"column":null}},"97":{"start":{"line":238,"column":12},"end":{"line":238,"column":null}},"98":{"start":{"line":243,"column":6},"end":{"line":243,"column":null}},"99":{"start":{"line":244,"column":6},"end":{"line":244,"column":null}},"100":{"start":{"line":245,"column":6},"end":{"line":245,"column":null}},"101":{"start":{"line":248,"column":6},"end":{"line":248,"column":null}},"102":{"start":{"line":249,"column":6},"end":{"line":249,"column":null}}},"fnMap":{"0":{"name":"(anonymous_0)","decl":{"start":{"line":17,"column":15},"end":{"line":17,"column":20}},"loc":{"start":{"line":17,"column":54},"end":{"line":50,"column":null}},"line":17},"1":{"name":"(anonymous_1)","decl":{"start":{"line":18,"column":29},"end":{"line":18,"column":30}},"loc":{"start":{"line":18,"column":50},"end":{"line":49,"column":5}},"line":18},"2":{"name":"(anonymous_2)","decl":{"start":{"line":20,"column":26},"end":{"line":20,"column":38}},"loc":{"start":{"line":20,"column":38},"end":{"line":48,"column":7}},"line":20},"3":{"name":"(anonymous_3)","decl":{"start":{"line":33,"column":24},"end":{"line":33,"column":25}},"loc":{"start":{"line":33,"column":48},"end":{"line":39,"column":null}},"line":33},"4":{"name":"(anonymous_4)","decl":{"start":{"line":52,"column":15},"end":{"line":52,"column":39}},"loc":{"start":{"line":52,"column":39},"end":{"line":71,"column":null}},"line":52},"5":{"name":"(anonymous_5)","decl":{"start":{"line":53,"column":23},"end":{"line":53,"column":24}},"loc":{"start":{"line":53,"column":44},"end":{"line":70,"column":5}},"line":53},"6":{"name":"(anonymous_6)","decl":{"start":{"line":57,"column":34},"end":{"line":57,"column":35}},"loc":{"start":{"line":57,"column":49},"end":{"line":66,"column":null}},"line":57},"7":{"name":"(anonymous_7)","decl":{"start":{"line":73,"column":15},"end":{"line":73,"column":25}},"loc":{"start":{"line":73,"column":25},"end":{"line":81,"column":null}},"line":73},"8":{"name":"(anonymous_8)","decl":{"start":{"line":77,"column":63},"end":{"line":77,"column":69}},"loc":{"start":{"line":77,"column":69},"end":{"line":77,"column":71}},"line":77},"9":{"name":"(anonymous_9)","decl":{"start":{"line":83,"column":13},"end":{"line":83,"column":26}},"loc":{"start":{"line":83,"column":26},"end":{"line":85,"column":null}},"line":83},"10":{"name":"(anonymous_10)","decl":{"start":{"line":89,"column":15},"end":{"line":89,"column":26}},"loc":{"start":{"line":89,"column":91},"end":{"line":103,"column":null}},"line":89},"11":{"name":"(anonymous_11)","decl":{"start":{"line":105,"column":15},"end":{"line":105,"column":28}},"loc":{"start":{"line":105,"column":86},"end":{"line":116,"column":null}},"line":105},"12":{"name":"(anonymous_12)","decl":{"start":{"line":118,"column":15},"end":{"line":118,"column":54}},"loc":{"start":{"line":118,"column":54},"end":{"line":150,"column":null}},"line":118},"13":{"name":"(anonymous_13)","decl":{"start":{"line":152,"column":15},"end":{"line":152,"column":26}},"loc":{"start":{"line":152,"column":70},"end":{"line":174,"column":null}},"line":152},"14":{"name":"(anonymous_14)","decl":{"start":{"line":176,"column":15},"end":{"line":176,"column":28}},"loc":{"start":{"line":176,"column":62},"end":{"line":189,"column":null}},"line":176},"15":{"name":"(anonymous_15)","decl":{"start":{"line":191,"column":15},"end":{"line":191,"column":49}},"loc":{"start":{"line":191,"column":49},"end":{"line":251,"column":null}},"line":191},"16":{"name":"walk","decl":{"start":{"line":211,"column":21},"end":{"line":211,"column":26}},"loc":{"start":{"line":211,"column":83},"end":{"line":240,"column":null}},"line":211}},"branchMap":{"0":{"loc":{"start":{"line":29,"column":10},"end":{"line":44,"column":null}},"type":"if","locations":[{"start":{"line":29,"column":10},"end":{"line":44,"column":null}},{"start":{"line":42,"column":17},"end":{"line":44,"column":null}}],"line":29},"1":{"loc":{"start":{"line":34,"column":16},"end":{"line":38,"column":null}},"type":"if","locations":[{"start":{"line":34,"column":16},"end":{"line":38,"column":null}},{"start":{},"end":{}}],"line":34},"2":{"loc":{"start":{"line":34,"column":20},"end":{"line":34,"column":65}},"type":"binary-expr","locations":[{"start":{"line":34,"column":20},"end":{"line":34,"column":37}},{"start":{"line":34,"column":37},"end":{"line":34,"column":65}}],"line":34},"3":{"loc":{"start":{"line":54,"column":6},"end":{"line":54,"column":null}},"type":"if","locations":[{"start":{"line":54,"column":6},"end":{"line":54,"column":null}},{"start":{},"end":{}}],"line":54},"4":{"loc":{"start":{"line":58,"column":8},"end":{"line":65,"column":null}},"type":"if","locations":[{"start":{"line":58,"column":8},"end":{"line":65,"column":null}},{"start":{"line":60,"column":15},"end":{"line":65,"column":null}}],"line":58},"5":{"loc":{"start":{"line":75,"column":4},"end":{"line":80,"column":null}},"type":"if","locations":[{"start":{"line":75,"column":4},"end":{"line":80,"column":null}},{"start":{},"end":{}}],"line":75},"6":{"loc":{"start":{"line":89,"column":40},"end":{"line":89,"column":91}},"type":"default-arg","locations":[{"start":{"line":89,"column":59},"end":{"line":89,"column":91}}],"line":89},"7":{"loc":{"start":{"line":98,"column":13},"end":{"line":98,"column":null}},"type":"cond-expr","locations":[{"start":{"line":98,"column":41},"end":{"line":98,"column":55}},{"start":{"line":98,"column":55},"end":{"line":98,"column":null}}],"line":98},"8":{"loc":{"start":{"line":98,"column":13},"end":{"line":98,"column":41}},"type":"binary-expr","locations":[{"start":{"line":98,"column":13},"end":{"line":98,"column":22}},{"start":{"line":98,"column":22},"end":{"line":98,"column":41}}],"line":98},"9":{"loc":{"start":{"line":105,"column":42},"end":{"line":105,"column":86}},"type":"default-arg","locations":[{"start":{"line":105,"column":61},"end":{"line":105,"column":86}}],"line":105},"10":{"loc":{"start":{"line":122,"column":6},"end":{"line":125,"column":null}},"type":"if","locations":[{"start":{"line":122,"column":6},"end":{"line":125,"column":null}},{"start":{},"end":{}}],"line":122},"11":{"loc":{"start":{"line":129,"column":6},"end":{"line":132,"column":null}},"type":"if","locations":[{"start":{"line":129,"column":6},"end":{"line":132,"column":null}},{"start":{},"end":{}}],"line":129},"12":{"loc":{"start":{"line":138,"column":8},"end":{"line":141,"column":null}},"type":"if","locations":[{"start":{"line":138,"column":8},"end":{"line":141,"column":null}},{"start":{},"end":{}}],"line":138},"13":{"loc":{"start":{"line":169,"column":4},"end":{"line":171,"column":null}},"type":"if","locations":[{"start":{"line":169,"column":4},"end":{"line":171,"column":null}},{"start":{},"end":{}}],"line":169},"14":{"loc":{"start":{"line":184,"column":13},"end":{"line":184,"column":null}},"type":"binary-expr","locations":[{"start":{"line":184,"column":13},"end":{"line":184,"column":34}},{"start":{"line":184,"column":34},"end":{"line":184,"column":null}}],"line":184},"15":{"loc":{"start":{"line":195,"column":6},"end":{"line":198,"column":null}},"type":"if","locations":[{"start":{"line":195,"column":6},"end":{"line":198,"column":null}},{"start":{},"end":{}}],"line":195},"16":{"loc":{"start":{"line":201,"column":6},"end":{"line":204,"column":null}},"type":"if","locations":[{"start":{"line":201,"column":6},"end":{"line":204,"column":null}},{"start":{},"end":{}}],"line":201},"17":{"loc":{"start":{"line":211,"column":64},"end":{"line":211,"column":83}},"type":"default-arg","locations":[{"start":{"line":211,"column":80},"end":{"line":211,"column":83}}],"line":211},"18":{"loc":{"start":{"line":213,"column":8},"end":{"line":213,"column":null}},"type":"if","locations":[{"start":{"line":213,"column":8},"end":{"line":213,"column":null}},{"start":{},"end":{}}],"line":213},"19":{"loc":{"start":{"line":222,"column":26},"end":{"line":222,"column":null}},"type":"binary-expr","locations":[{"start":{"line":222,"column":26},"end":{"line":222,"column":47}},{"start":{"line":222,"column":47},"end":{"line":222,"column":null}}],"line":222},"20":{"loc":{"start":{"line":229,"column":14},"end":{"line":235,"column":null}},"type":"if","locations":[{"start":{"line":229,"column":14},"end":{"line":235,"column":null}},{"start":{"line":231,"column":21},"end":{"line":235,"column":null}}],"line":229}},"s":{"0":1,"1":1,"2":1,"3":1,"4":1,"5":1,"6":1,"7":1,"8":1,"9":0,"10":0,"11":0,"12":1,"13":0,"14":0,"15":0,"16":0,"17":0,"18":0,"19":0,"20":0,"21":0,"22":0,"23":0,"24":0,"25":0,"26":0,"27":0,"28":0,"29":0,"30":0,"31":0,"32":0,"33":0,"34":0,"35":0,"36":0,"37":0,"38":0,"39":0,"40":0,"41":0,"42":0,"43":0,"44":0,"45":0,"46":0,"47":0,"48":0,"49":0,"50":0,"51":0,"52":0,"53":0,"54":0,"55":0,"56":0,"57":0,"58":0,"59":0,"60":0,"61":0,"62":0,"63":0,"64":0,"65":0,"66":0,"67":0,"68":0,"69":0,"70":0,"71":0,"72":0,"73":0,"74":0,"75":0,"76":0,"77":0,"78":0,"79":0,"80":0,"81":0,"82":0,"83":0,"84":0,"85":0,"86":0,"87":0,"88":0,"89":0,"90":0,"91":0,"92":0,"93":0,"94":0,"95":0,"96":0,"97":0,"98":0,"99":0,"100":0,"101":0,"102":0},"f":{"0":1,"1":1,"2":1,"3":0,"4":1,"5":0,"6":0,"7":1,"8":0,"9":1,"10":1,"11":1,"12":1,"13":1,"14":1,"15":1,"16":0},"b":{"0":[1,0],"1":[0,0],"2":[0,0],"3":[0,0],"4":[0,0],"5":[0,0],"6":[0],"7":[0,0],"8":[0,0],"9":[0],"10":[0,0],"11":[0,0],"12":[0,0],"13":[0,0],"14":[0,0],"15":[0,0],"16":[0,0],"17":[0],"18":[0,0],"19":[0,0],"20":[0,0]},"meta":{"lastBranch":21,"lastFunction":17,"lastStatement":103,"seen":{"s:9:22:9:Infinity":0,"s:10:15:10:Infinity":1,"s:14:38:14:Infinity":2,"f:17:15:17:20":0,"s:18:4:49:Infinity":3,"f:18:29:18:30":1,"s:20:6:48:Infinity":4,"f:20:26:20:38":2,"s:21:8:47:Infinity":5,"s:22:10:25:Infinity":6,"b:29:10:44:Infinity:42:17:44:Infinity":0,"s:29:10:44:Infinity":7,"s:30:12:40:Infinity":8,"f:33:24:33:25":3,"b:34:16:38:Infinity:undefined:undefined:undefined:undefined":1,"s:34:16:38:Infinity":9,"b:34:20:34:37:34:37:34:65":2,"s:35:18:35:Infinity":10,"s:37:18:37:Infinity":11,"s:41:12:41:Infinity":12,"s:43:12:43:Infinity":13,"s:46:10:46:Infinity":14,"f:52:15:52:39":4,"s:53:4:70:Infinity":15,"f:53:23:53:24":5,"b:54:6:54:Infinity:undefined:undefined:undefined:undefined":3,"s:54:6:54:Infinity":16,"s:54:29:54:Infinity":17,"s:57:6:66:Infinity":18,"f:57:34:57:35":6,"b:58:8:65:Infinity:60:15:65:Infinity":4,"s:58:8:65:Infinity":19,"s:59:10:59:Infinity":20,"s:61:10:61:Infinity":21,"s:63:10:63:Infinity":22,"s:64:10:64:Infinity":23,"s:69:6:69:Infinity":24,"f:73:15:73:25":7,"s:74:18:74:Infinity":25,"b:75:4:80:Infinity:undefined:undefined:undefined:undefined":5,"s:75:4:80:Infinity":26,"s:77:6:77:Infinity":27,"f:77:63:77:69":8,"s:78:6:78:Infinity":28,"s:79:6:79:Infinity":29,"f:83:13:83:26":9,"s:84:4:84:Infinity":30,"f:89:15:89:26":10,"b:89:59:89:91":6,"s:90:4:102:Infinity":31,"s:91:20:91:Infinity":32,"s:92:23:96:Infinity":33,"s:97:20:97:Infinity":34,"s:98:6:98:Infinity":35,"b:98:41:98:55:98:55:98:Infinity":7,"b:98:13:98:22:98:22:98:41":8,"s:100:6:100:Infinity":36,"s:101:6:101:Infinity":37,"f:105:15:105:28":11,"b:105:61:105:86":9,"s:106:25:110:Infinity":38,"s:111:21:114:Infinity":39,"s:115:4:115:Infinity":40,"f:118:15:118:54":12,"s:119:4:149:Infinity":41,"s:121:21:121:Infinity":42,"b:122:6:125:Infinity:undefined:undefined:undefined:undefined":10,"s:122:6:125:Infinity":43,"s:123:8:123:Infinity":44,"s:124:8:124:Infinity":45,"s:128:21:128:Infinity":46,"b:129:6:132:Infinity:undefined:undefined:undefined:undefined":11,"s:129:6:132:Infinity":47,"s:130:8:130:Infinity":48,"s:131:8:131:Infinity":49,"s:135:25:135:Infinity":50,"s:136:6:142:Infinity":51,"s:137:22:137:Infinity":52,"b:138:8:141:Infinity:undefined:undefined:undefined:undefined":12,"s:138:8:141:Infinity":53,"s:139:11:139:Infinity":54,"s:140:11:140:Infinity":55,"s:144:6:144:Infinity":56,"s:147:6:147:Infinity":57,"s:148:6:148:Infinity":58,"f:152:15:152:26":13,"s:153:21:157:Infinity":59,"s:159:17:159:Infinity":60,"s:160:4:160:Infinity":61,"s:161:4:161:Infinity":62,"s:163:21:167:Infinity":63,"b:169:4:171:Infinity:undefined:undefined:undefined:undefined":13,"s:169:4:171:Infinity":64,"s:170:8:170:Infinity":65,"s:173:4:173:Infinity":66,"f:176:15:176:28":14,"s:177:4:188:Infinity":67,"s:178:19:183:Infinity":68,"s:184:6:184:Infinity":69,"b:184:13:184:34:184:34:184:Infinity":14,"s:186:6:186:Infinity":70,"s:187:6:187:Infinity":71,"f:191:15:191:49":15,"s:192:4:250:Infinity":72,"s:193:6:193:Infinity":73,"s:194:23:194:Infinity":74,"b:195:6:198:Infinity:undefined:undefined:undefined:undefined":15,"s:195:6:198:Infinity":75,"s:196:10:196:Infinity":76,"s:197:10:197:Infinity":77,"s:200:23:200:Infinity":78,"b:201:6:204:Infinity:undefined:undefined:undefined:undefined":16,"s:201:6:204:Infinity":79,"s:202:10:202:Infinity":80,"s:203:10:203:Infinity":81,"s:206:6:206:Infinity":82,"s:209:30:209:Infinity":83,"f:211:21:211:26":16,"b:211:80:211:83":17,"s:212:8:212:Infinity":84,"b:213:8:213:Infinity:undefined:undefined:undefined:undefined":18,"s:213:8:213:Infinity":85,"s:213:23:213:Infinity":86,"s:215:8:239:Infinity":87,"s:216:25:220:Infinity":88,"s:222:26:222:Infinity":89,"b:222:26:222:47:222:47:222:Infinity":19,"s:223:12:223:Infinity":90,"s:225:12:236:Infinity":91,"s:227:14:227:Infinity":92,"b:229:14:235:Infinity:231:21:235:Infinity":20,"s:229:14:235:Infinity":93,"s:230:16:230:Infinity":94,"s:233:16:233:Infinity":95,"s:234:16:234:Infinity":96,"s:238:12:238:Infinity":97,"s:243:6:243:Infinity":98,"s:244:6:244:Infinity":99,"s:245:6:245:Infinity":100,"s:248:6:248:Infinity":101,"s:249:6:249:Infinity":102}}}
}
